<?xml version="1.0" encoding="UTF-8"?>
<!-- Generated by org.testng.reporters.JUnitReportReporter -->
<testsuite hostname="ACLI9" name="scripts.Rediff" tests="1" failures="0" timestamp="6 Jun 2018 11:27:37 GMT" time="22.790" errors="0">
  <testcase name="testRediff" time="22.790" classname="scripts.Rediff"/>
</testsuite> <!-- scripts.Rediff -->
