<?xml version="1.0" encoding="UTF-8"?>
<!-- Generated by org.testng.reporters.JUnitReportReporter -->
<testsuite hostname="ACLI9" name="scripts.Selenium" tests="1" failures="0" timestamp="25 May 2018 14:12:36 GMT" time="21.690" errors="0">
  <testcase name="testSelenium" time="21.690" classname="scripts.Selenium"/>
</testsuite> <!-- scripts.Selenium -->
