<?xml version="1.0" encoding="UTF-8"?>
<!-- Generated by org.testng.reporters.JUnitReportReporter -->
<testsuite hostname="ACLI9" name="scripts.Gittestcalss" tests="1" failures="0" timestamp="14 Jun 2018 08:21:58 GMT" time="0.016" errors="0">
  <testcase name="testGitclass" time="0.016" classname="scripts.Gittestcalss"/>
</testsuite> <!-- scripts.Gittestcalss -->
