<?xml version="1.0" encoding="UTF-8"?>
<!-- Generated by org.testng.reporters.JUnitReportReporter -->
<testsuite hostname="ACLI9" name="scripts.Rediff" tests="1" failures="0" timestamp="24 Jun 2018 09:34:11 GMT" time="31.832" errors="0">
  <testcase name="testRediff" time="31.832" classname="scripts.Rediff"/>
</testsuite> <!-- scripts.Rediff -->
