<?xml version="1.0" encoding="UTF-8"?>
<!-- Generated by org.testng.reporters.JUnitReportReporter -->
<testsuite hostname="ACLI9" name="scripts.Naukri" tests="1" failures="0" timestamp="25 May 2018 14:33:07 GMT" time="23.522" errors="0">
  <testcase name="testNaukri" time="23.522" classname="scripts.Naukri"/>
</testsuite> <!-- scripts.Naukri -->
